<?xml version="1.0" encoding="UTF-8"?>
<!-- Generated by org.testng.reporters.JUnitReportReporter -->
<testsuite hostname="NAG1-LHP-N76169" failures="0" tests="1" name="com.Automation.Test.AddUsersmavenTest" time="24.751" errors="0" timestamp="2022-08-16T17:05:01 IST" skipped="0">
  <testcase classname="com.Automation.Test.AddUsersmavenTest" name="VerifyAddUsers" time="24.751"/>
  <system-out/>
</testsuite> <!-- com.Automation.Test.AddUsersmavenTest -->
