<?xml version="1.0" encoding="UTF-8"?>
<!-- Generated by org.testng.reporters.JUnitReportReporter -->
<testsuite hostname="NAG1-LHP-N76169" failures="0" tests="1" name="com.Automation.Test.DWShopRegisterTest" time="8.000" errors="0" timestamp="2022-08-16T13:20:16 IST" skipped="0">
  <testcase classname="com.Automation.Test.DWShopRegisterTest" name="verifyRegister" time="8.000"/>
  <system-out/>
</testsuite> <!-- com.Automation.Test.DWShopRegisterTest -->
