<?xml version="1.0" encoding="UTF-8"?>
<!-- Generated by org.testng.reporters.JUnitReportReporter -->
<testsuite hostname="NAG1-LHP-N76169" failures="0" tests="1" name="com.Automation.Test.LoginTest" time="13.055" errors="0" timestamp="2022-08-16T15:45:12 IST" skipped="0">
  <testcase classname="com.Automation.Test.LoginTest" name="VerifysuccessfulLogin" time="13.055"/>
  <system-out/>
</testsuite> <!-- com.Automation.Test.LoginTest -->
